Starting time: 12.08.23-11.53

Fold: 0
Hyperopt trials
tid,loss,learning_rate,n_modules,batch_size,time,n_epochs,n_params,perf_time
0,0.041390,0.000014,2,7,60.076,200,22565,60.074001
1,0.041576,0.000026,3,7,53.34,90,61445,53.339310
2,0.041675,0.004528,3,7,40.67,67,61445,40.668976
3,0.041533,0.000013,3,8,69.531,122,61445,69.529664
4,0.041602,0.000245,3,7,43.955,73,61445,43.954695
5,0.041627,0.000025,2,8,50.18,171,22565,50.178585
6,0.041963,0.000029,1,7,23.366,200,2117,23.365217
7,0.042080,0.009619,1,8,30.405,179,2117,30.405004
8,0.041472,0.001979,2,8,72.406,200,22565,72.404142
9,0.041673,0.000136,3,8,65.935,105,61445,65.935000
10,0.042036,0.000680,1,8,23.596,183,2117,23.595716
11,0.041906,0.000105,1,8,26.426,200,2117,26.426155
12,0.041482,0.000031,2,8,74.465,150,22565,74.464712
13,0.041949,0.000326,1,7,38.575,196,2117,38.573635
14,0.041523,0.000090,3,7,85.351,99,61445,85.349856
15,0.041545,0.000033,3,7,80.696,92,61445,80.695849
16,0.042147,0.000020,1,8,32.636,200,2117,32.635376
17,0.041998,0.000039,1,8,37.614,200,2117,37.614031
18,0.041412,0.002906,3,8,113.746,141,61445,113.743960
19,0.041773,0.000962,2,7,46.111,99,22565,46.111109

Best parameters:{'batch_size': 9, 'embedding_size': 5, 'input_length': 13, 'learning_rate': 1.4435978934101134e-05, 'model_type': 'ACT', 'n_classes': 8, 'n_modules': 2, 'vocab_size': 9}

Model parameters: 22565
Best Time taken: 60.074001
Brier score: 0.042538
Accuracy: 0.786796[[   0,    0,    0,    0,    0,    0,    5,    0],
 [   0, 1332,    0,    3,    0,    0,   98,    0],
 [   0,    0,    0,    0,    0,    0,    2,    0],
 [   0,  121,    0,   41,    0,    0,    0,    0],
 [   0,    0,    0,    0,    0,    0,   15,    0],
 [   0,   23,    0,    0,    0,    1,  306,    0],
 [   0,  128,    0,    0,    0,    2, 1224,    0],
 [   0,    0,    0,    0,    0,    0,    1,    0]]
Fold: 1
Hyperopt trials
tid,loss,learning_rate,n_modules,batch_size,time,n_epochs,n_params,perf_time
0,0.042595,0.008341,2,8,45.444,94,22565,45.443391
1,0.042381,0.000111,2,7,44.936,77,22565,44.934853
2,0.042483,0.001534,3,7,77.246,79,61445,77.245440
3,0.042486,0.000853,1,8,41.885,200,2117,41.884231
4,0.042454,0.005330,2,8,68.329,120,22565,68.328436
5,0.042623,0.000046,1,8,42.589,200,2117,42.587779
6,0.042516,0.000015,3,8,101.721,96,61445,101.720107
7,0.042537,0.000250,1,7,36.46,151,2117,36.459130
8,0.042467,0.000133,2,8,62.0,120,22565,61.998442
9,0.042495,0.000069,1,8,38.802,200,2117,38.800980
10,0.042384,0.000185,1,7,27.686,147,2117,27.685007
11,0.042531,0.000014,3,8,89.245,87,61445,89.244680
12,0.042398,0.000125,3,8,116.028,117,61445,116.027765
13,0.042474,0.004041,2,7,50.271,88,22565,50.270451
14,0.042623,0.001403,1,8,43.386,200,2117,43.385606
15,0.042591,0.000504,1,8,35.396,167,2117,35.396715
16,0.042546,0.002329,3,7,85.594,79,61445,85.593050
17,0.042650,0.000012,1,8,45.508,200,2117,45.507206
18,0.042641,0.000204,2,8,60.234,106,22565,60.233827
19,0.042471,0.000627,3,7,65.06,64,61445,65.057910

Best parameters:{'batch_size': 9, 'embedding_size': 5, 'input_length': 13, 'learning_rate': 0.00011117168530853755, 'model_type': 'ACT', 'n_classes': 8, 'n_modules': 2, 'vocab_size': 9}

Model parameters: 22565
Best Time taken: 44.934853
Brier score: 0.044195
Accuracy: 0.781647[[   0,    0,    0,    0,    0,    0,    6,    0],
 [   0, 1294,    0,    1,    0,    0,  104,    0],
 [   0,    0,    0,    0,    0,    0,    3,    0],
 [   0,  131,    0,   29,    0,    0,    0,    0],
 [   0,    0,    0,    0,    0,    0,   13,    0],
 [   0,   20,    0,    0,    0,    0,  327,    0],
 [   0,  115,    0,    0,    0,    0, 1258,    0],
 [   0,    0,    0,    0,    0,    0,    1,    0]]
Fold: 2
Hyperopt trials
tid,loss,learning_rate,n_modules,batch_size,time,n_epochs,n_params,perf_time
0,0.041437,0.000321,3,8,113.682,105,61445,113.680999
1,0.041290,0.002421,2,7,74.814,120,22565,74.812040
2,0.041247,0.000485,2,7,85.019,143,22565,85.018692
3,0.041345,0.000065,1,7,39.689,181,2117,39.688713
4,0.041285,0.004370,2,7,64.343,119,22565,64.341988
5,0.041534,0.001031,3,8,107.792,107,61445,107.791197
6,0.041506,0.000466,3,8,99.87,101,61445,99.869338
7,0.041379,0.000012,3,7,105.273,109,61445,105.272484
8,0.041549,0.000486,2,8,51.85,93,22565,51.849493
9,0.041411,0.000282,3,8,153.283,153,61445,153.281902
10,0.041387,0.000075,2,8,78.8,139,22565,78.798924
11,0.041356,0.000121,2,8,57.168,117,22565,57.167780
12,0.041396,0.002179,2,7,50.655,114,22565,50.653816
13,0.041365,0.000107,3,7,103.469,105,61445,103.468170
14,0.041480,0.002507,3,8,125.296,132,61445,125.294526
15,0.041548,0.000011,1,8,41.134,200,2117,41.132747
16,0.041566,0.000011,3,8,106.803,119,61445,106.803606
17,0.041346,0.000722,2,8,89.113,186,22565,89.111747
18,0.041551,0.004748,1,8,43.7,200,2117,43.698738
19,0.041567,0.000013,1,7,31.502,146,2117,31.502402

Best parameters:{'batch_size': 9, 'embedding_size': 5, 'input_length': 13, 'learning_rate': 0.0004851157505098285, 'model_type': 'ACT', 'n_classes': 8, 'n_modules': 2, 'vocab_size': 9}

Model parameters: 22565
Best Time taken: 85.018692
Brier score: 0.042699
Accuracy: 0.788916[[   0,    0,    0,    0,    0,    4,    0],
 [   0, 1341,    3,    0,    0,   89,    0],
 [   0,  143,   27,    0,    0,    0,    0],
 [   0,    0,    0,    0,    4,   13,    0],
 [   0,   27,    0,    0,    7,  270,    0],
 [   0,  129,    0,    0,   14, 1230,    0],
 [   0,    0,    0,    0,    0,    1,    0]]

Final Brier score:  [0.04253824841570977, 0.04419468353794169, 0.04269868968669528]
Final Accuracy score:  [0.7867958812840703, 0.7816474863718958, 0.788915808600848]
